Using pre-set license
Built from '2022.3/staging' branch; Version is '2022.3.14f1 (eff2de9070d8) revision 15725278'; Using compiler version '192829333'; Build Type 'Release'
OS: 'Windows 10  (10.0.19045) 64bit Professional' Language: 'en' Physical Memory: 16342 MB
BatchMode: 1, IsHumanControllingUs: 0, StartBugReporterOnCrash: 0, Is64bit: 1, IsPro: 1

COMMAND LINE ARGUMENTS:
D:\Unity\2022.3.14f1\Editor\Unity.exe
-adb2
-batchMode
-noUpm
-name
AssetImportWorker0
-projectPath
E:/UnityProjects/Excavation_Aatral
-logFile
Logs/AssetImportWorker0.log
-srvPort
51487
Successfully changed project path to: E:/UnityProjects/Excavation_Aatral
E:/UnityProjects/Excavation_Aatral
[UnityMemory] Configuration Parameters - Can be set up in boot.config
    "memorysetup-bucket-allocator-granularity=16"
    "memorysetup-bucket-allocator-bucket-count=8"
    "memorysetup-bucket-allocator-block-size=33554432"
    "memorysetup-bucket-allocator-block-count=8"
    "memorysetup-main-allocator-block-size=16777216"
    "memorysetup-thread-allocator-block-size=16777216"
    "memorysetup-gfx-main-allocator-block-size=16777216"
    "memorysetup-gfx-thread-allocator-block-size=16777216"
    "memorysetup-cache-allocator-block-size=4194304"
    "memorysetup-typetree-allocator-block-size=2097152"
    "memorysetup-profiler-bucket-allocator-granularity=16"
    "memorysetup-profiler-bucket-allocator-bucket-count=8"
    "memorysetup-profiler-bucket-allocator-block-size=33554432"
    "memorysetup-profiler-bucket-allocator-block-count=8"
    "memorysetup-profiler-allocator-block-size=16777216"
    "memorysetup-profiler-editor-allocator-block-size=1048576"
    "memorysetup-temp-allocator-size-main=16777216"
    "memorysetup-job-temp-allocator-block-size=2097152"
    "memorysetup-job-temp-allocator-block-size-background=1048576"
    "memorysetup-job-temp-allocator-reduction-small-platforms=262144"
    "memorysetup-allocator-temp-initial-block-size-main=262144"
    "memorysetup-allocator-temp-initial-block-size-worker=262144"
    "memorysetup-temp-allocator-size-background-worker=32768"
    "memorysetup-temp-allocator-size-job-worker=262144"
    "memorysetup-temp-allocator-size-preload-manager=33554432"
    "memorysetup-temp-allocator-size-nav-mesh-worker=65536"
    "memorysetup-temp-allocator-size-audio-worker=65536"
    "memorysetup-temp-allocator-size-cloud-worker=32768"
    "memorysetup-temp-allocator-size-gi-baking-worker=262144"
    "memorysetup-temp-allocator-size-gfx=262144"
Player connection [1704] Host "[IP] 192.168.0.107 [Port] 0 [Flags] 2 [Guid] 4005193877 [EditorId] 4005193877 [Version] 1048832 [Id] WindowsEditor(7,DESKTOP-UMCST7R) [Debug] 1 [PackageName] WindowsEditor [ProjectName] Editor" joined multi-casting on [225.0.0.222:54997]...

Player connection [1704] Host "[IP] 192.168.0.107 [Port] 0 [Flags] 2 [Guid] 4005193877 [EditorId] 4005193877 [Version] 1048832 [Id] WindowsEditor(7,DESKTOP-UMCST7R) [Debug] 1 [PackageName] WindowsEditor [ProjectName] Editor" joined alternative multi-casting on [225.0.0.222:34997]...

[Physics::Module] Initialized MultithreadedJobDispatcher with 3 workers.
Refreshing native plugins compatible for Editor in 21.82 ms, found 12 plugins.
Preloading 1 native plugins for Editor in 0.67 ms.
Initialize engine version: 2022.3.14f1 (eff2de9070d8)
[Subsystems] Discovering subsystems at path D:/Unity/2022.3.14f1/Editor/Data/Resources/UnitySubsystems
[Subsystems] Discovering subsystems at path E:/UnityProjects/Excavation_Aatral/Assets
GfxDevice: creating device client; threaded=0; jobified=0
Direct3D:
    Version:  Direct3D 11.0 [level 11.1]
    Renderer: NVIDIA GeForce GTX 1060 6GB (ID=0x1c03)
    Vendor:   NVIDIA
    VRAM:     6044 MB
    Driver:   31.0.15.4633
Initialize mono
Mono path[0] = 'D:/Unity/2022.3.14f1/Editor/Data/Managed'
Mono path[1] = 'D:/Unity/2022.3.14f1/Editor/Data/MonoBleedingEdge/lib/mono/unityjit-win32'
Mono config path = 'D:/Unity/2022.3.14f1/Editor/Data/MonoBleedingEdge/etc'
Using monoOptions --debugger-agent=transport=dt_socket,embedding=1,server=y,suspend=n,address=127.0.0.1:56912
Begin MonoManager ReloadAssembly
Registering precompiled unity dll's ...
Register platform support module: D:/Unity/2022.3.14f1/Editor/Data/PlaybackEngines/AndroidPlayer/UnityEditor.Android.Extensions.dll
Register platform support module: D:/Unity/2022.3.14f1/Editor/Data/PlaybackEngines/iOSSupport/UnityEditor.iOS.Extensions.dll
Register platform support module: D:/Unity/2022.3.14f1/Editor/Data/PlaybackEngines/WindowsStandaloneSupport/UnityEditor.WindowsStandalone.Extensions.dll
Registered in 0.007189 seconds.
- Loaded All Assemblies, in  0.412 seconds
Native extension for WindowsStandalone target not found
[usbmuxd] Start listen thread
[usbmuxd] Listen thread started
Native extension for iOS target not found
Native extension for Android target not found
Android Extension - Scanning For ADB Devices 292 ms
Mono: successfully reloaded assembly
- Finished resetting the current domain, in  0.683 seconds
Domain Reload Profiling: 1095ms
	BeginReloadAssembly (137ms)
		ExecutionOrderSort (0ms)
		DisableScriptedObjects (0ms)
		BackupInstance (0ms)
		ReleaseScriptingObjects (0ms)
		CreateAndSetChildDomain (1ms)
	RebuildCommonClasses (37ms)
	RebuildNativeTypeToScriptingClass (12ms)
	initialDomainReloadingComplete (56ms)
	LoadAllAssembliesAndSetupDomain (168ms)
		LoadAssemblies (137ms)
		RebuildTransferFunctionScriptingTraits (0ms)
		AnalyzeDomain (165ms)
			TypeCache.Refresh (164ms)
				TypeCache.ScanAssembly (149ms)
			ScanForSourceGeneratedMonoScriptInfo (0ms)
			ResolveRequiredComponents (1ms)
	FinalizeReload (684ms)
		ReleaseScriptCaches (0ms)
		RebuildScriptCaches (0ms)
		SetupLoadedEditorAssemblies (620ms)
			LogAssemblyErrors (0ms)
			InitializePlatformSupportModulesInManaged (417ms)
			SetLoadedEditorAssemblies (4ms)
			RefreshPlugins (0ms)
			BeforeProcessingInitializeOnLoad (2ms)
			ProcessInitializeOnLoadAttributes (123ms)
			ProcessInitializeOnLoadMethodAttributes (74ms)
			AfterProcessingInitializeOnLoad (0ms)
			EditorAssembliesLoaded (0ms)
		ExecutionOrderSort2 (0ms)
		AwakeInstancesAfterBackupRestoration (0ms)
========================================================================
Worker process is ready to serve import requests
Begin MonoManager ReloadAssembly
- Loaded All Assemblies, in  2.449 seconds
Refreshing native plugins compatible for Editor in 11.79 ms, found 12 plugins.
Native extension for WindowsStandalone target not found
Native extension for iOS target not found
Native extension for Android target not found
[MODES] ModeService[none].Initialize
[MODES] ModeService[none].LoadModes
[MODES] Loading mode Default (0) for mode-current-id-Hand Tracking Demo
Package Manager log level set to [2]
[Package Manager] Server::EnsureServerProcessIsRunning -- launch failed, reason: Unity was launched with the -noUpm command-line argument
[Package Manager] UpmClient::Send -- Unable to send message (not connected to UPM process).
[Package Manager] Cannot connect to Unity Package Manager local server
System.Reflection.TargetInvocationException: Exception has been thrown by the target of an invocation. ---> System.NullReferenceException: Object reference not set to an instance of an object
  at Unity.XR.Oculus.OculusLoader.AssetPathToAbsolutePath (System.String assetPath) [0x00040] in .\Library\PackageCache\com.unity.xr.oculus@4.1.2\Runtime\OculusLoader.cs:287 
  at Unity.XR.Oculus.OculusLoader.EditorLoadOVRPlugin () [0x00084] in .\Library\PackageCache\com.unity.xr.oculus@4.1.2\Runtime\OculusLoader.cs:272 
  at (wrapper managed-to-native) System.Reflection.RuntimeMethodInfo.InternalInvoke(System.Reflection.RuntimeMethodInfo,object,object[],System.Exception&)
  at System.Reflection.RuntimeMethodInfo.Invoke (System.Object obj, System.Reflection.BindingFlags invokeAttr, System.Reflection.Binder binder, System.Object[] parameters, System.Globalization.CultureInfo culture) [0x0006a] in <a3b02d6f9b494355b946095ea1f25c54>:0 
   --- End of inner exception stack trace ---
  at System.Reflection.RuntimeMethodInfo.Invoke (System.Object obj, System.Reflection.BindingFlags invokeAttr, System.Reflection.Binder binder, System.Object[] parameters, System.Globalization.CultureInfo culture) [0x00083] in <a3b02d6f9b494355b946095ea1f25c54>:0 
  at System.Reflection.MethodBase.Invoke (System.Object obj, System.Object[] parameters) [0x00000] in <a3b02d6f9b494355b946095ea1f25c54>:0 
  at UnityEditor.EditorAssemblies.ProcessInitializeOnLoadMethodAttributes () [0x000a5] in <ac8a1d1a125546cf82b0ec17802fc7c2>:0 
UnityEngine.StackTraceUtility:ExtractStackTrace ()
UnityEngine.DebugLogHandler:LogFormat (UnityEngine.LogType,UnityEngine.Object,string,object[])
UnityEngine.Logger:Log (UnityEngine.LogType,object)
UnityEngine.Debug:LogError (object)
UnityEditor.EditorAssemblies:ProcessInitializeOnLoadMethodAttributes ()

Mono: successfully reloaded assembly
[Package Manager] Server::EnsureServerProcessIsRunning -- launch failed, reason: Unity was launched with the -noUpm command-line argument
[Package Manager] UpmClient::Send -- Unable to send message (not connected to UPM process).
[Package Manager] Cannot connect to Unity Package Manager local server
[Package Manager] Server::EnsureServerProcessIsRunning -- launch failed, reason: Unity was launched with the -noUpm command-line argument
[Package Manager] UpmClient::Send -- Unable to send message (not connected to UPM process).
[Package Manager] Cannot connect to Unity Package Manager local server
- Finished resetting the current domain, in  3.794 seconds
Domain Reload Profiling: 6242ms
	BeginReloadAssembly (210ms)
		ExecutionOrderSort (0ms)
		DisableScriptedObjects (9ms)
		BackupInstance (0ms)
		ReleaseScriptingObjects (0ms)
		CreateAndSetChildDomain (28ms)
	RebuildCommonClasses (44ms)
	RebuildNativeTypeToScriptingClass (16ms)
	initialDomainReloadingComplete (30ms)
	LoadAllAssembliesAndSetupDomain (2147ms)
		LoadAssemblies (1036ms)
		RebuildTransferFunctionScriptingTraits (0ms)
		AnalyzeDomain (1240ms)
			TypeCache.Refresh (1168ms)
				TypeCache.ScanAssembly (1134ms)
			ScanForSourceGeneratedMonoScriptInfo (52ms)
			ResolveRequiredComponents (18ms)
	FinalizeReload (3795ms)
		ReleaseScriptCaches (0ms)
		RebuildScriptCaches (0ms)
		SetupLoadedEditorAssemblies (3354ms)
			LogAssemblyErrors (0ms)
			InitializePlatformSupportModulesInManaged (292ms)
			SetLoadedEditorAssemblies (14ms)
			RefreshPlugins (0ms)
			BeforeProcessingInitializeOnLoad (280ms)
			ProcessInitializeOnLoadAttributes (2309ms)
			ProcessInitializeOnLoadMethodAttributes (456ms)
			AfterProcessingInitializeOnLoad (4ms)
			EditorAssembliesLoaded (0ms)
		ExecutionOrderSort2 (0ms)
		AwakeInstancesAfterBackupRestoration (8ms)
Launched and connected shader compiler UnityShaderCompiler.exe after 0.07 seconds
Refreshing native plugins compatible for Editor in 11.86 ms, found 12 plugins.
Preloading 1 native plugins for Editor in 0.05 ms.
Unloading 5801 Unused Serialized files (Serialized files now loaded: 0)
Unloading 118 unused Assets / (1.3 MB). Loaded Objects now: 6268.
Memory consumption went from 245.5 MB to 244.2 MB.
Total: 5.981500 ms (FindLiveObjects: 0.496000 ms CreateObjectMapping: 0.694500 ms MarkObjects: 4.364000 ms  DeleteObjects: 0.426000 ms)

AssetImportParameters requested are different than current active one (requested -> active):
  custom:container-demuxer-ogg: 62fdf1f143b41e24485cea50d1cbac27 -> 
  custom:video-decoder-ogg-theora: a1e56fd34408186e4bbccfd4996cb3dc -> 
  custom:framework-win-MediaFoundation: 216162199b28c13a410421893ffa2e32 -> 
  custom:CustomObjectIndexerAttribute: a3ef5dd2817f97addfee359851a9dba5 -> 
  custom:container-demuxer-webm: 4f35f7cbe854078d1ac9338744f61a02 -> 
  custom:container-muxer-webm: aa71ff27fc2769a1b78a27578f13a17b -> 
  custom:video-decoder-webm-vp8: 9c59270c3fd7afecdb556c50c9e8de78 -> 
  custom:SearchIndexIgnoredProperties: e643bd26f0fe6173181afceb89e7c659 -> 
  custom:AudioImporter_EditorPlatform: d09bf68614088b80899f8185d706f6e7 -> 
  custom:video-encoder-webm-vp8: eb34c28f22e8b96e1ab97ce403110664 -> 
  custom:audio-decoder-ogg-vorbis: bf7c407c2cedff20999df2af8eb42d56 -> 
  custom:audio-encoder-webm-vorbis: bf7c407c2cedff20999df2af8eb42d56 -> 
========================================================================
Received Import Request.
  Time since last request: 115933.405018 seconds.
  path: Assets/Images
  artifactKey: Guid(b2795adefbf3335478f876ae0cd4ee6b) Importer(815301076,1909f56bfc062723c751e8b465ee728b)
Start importing Assets/Images using Guid(b2795adefbf3335478f876ae0cd4ee6b) Importer(815301076,1909f56bfc062723c751e8b465ee728b)  -> (artifact id: 'a0ea4cfdddf57a306dfe101a77d5ef39') in 0.002892 seconds
Number of updated asset objects reloaded before import = 0
Number of asset objects unloaded after import = 0
========================================================================
Received Import Request.
  Time since last request: 0.266305 seconds.
  path: Assets/Images/Excavation Procedure Module
  artifactKey: Guid(63c140d9d5929f54d87c4e123e690c0e) Importer(815301076,1909f56bfc062723c751e8b465ee728b)
Start importing Assets/Images/Excavation Procedure Module using Guid(63c140d9d5929f54d87c4e123e690c0e) Importer(815301076,1909f56bfc062723c751e8b465ee728b)  -> (artifact id: '428663a4a03e0c359dca485030d2c1c3') in 0.001723 seconds
Number of updated asset objects reloaded before import = 0
Number of asset objects unloaded after import = 0
========================================================================
Received Import Request.
  Time since last request: 0.474699 seconds.
  path: Assets/Images/Excavation Procedure Module/PPE area
  artifactKey: Guid(d76d8b8fe1f930742942184439ef658d) Importer(815301076,1909f56bfc062723c751e8b465ee728b)
Start importing Assets/Images/Excavation Procedure Module/PPE area using Guid(d76d8b8fe1f930742942184439ef658d) Importer(815301076,1909f56bfc062723c751e8b465ee728b)  -> (artifact id: 'a8a46400f9587dcc74e811faf83ca9ee') in 0.000722 seconds
Number of updated asset objects reloaded before import = 0
Number of asset objects unloaded after import = 0
========================================================================
Received Import Request.
  Time since last request: 1.080729 seconds.
  path: Assets/Images/Excavation Procedure Module/PPE area/1Choose lanuage.png
  artifactKey: Guid(6a39927eafd8532488af727b19aab173) Importer(815301076,1909f56bfc062723c751e8b465ee728b)
Start importing Assets/Images/Excavation Procedure Module/PPE area/1Choose lanuage.png using Guid(6a39927eafd8532488af727b19aab173) Importer(815301076,1909f56bfc062723c751e8b465ee728b)  -> (artifact id: '6214d624f060d32481e6a15d027b9146') in 0.063122 seconds
Number of updated asset objects reloaded before import = 0
Number of asset objects unloaded after import = 2
========================================================================
Received Import Request.
  Time since last request: 5.994530 seconds.
  path: Assets/Images/Excavation Procedure Module/PPE area/pick doc.png
  artifactKey: Guid(03e407af76dd75f4db20d4c9ee53431a) Importer(815301076,1909f56bfc062723c751e8b465ee728b)
Start importing Assets/Images/Excavation Procedure Module/PPE area/pick doc.png using Guid(03e407af76dd75f4db20d4c9ee53431a) Importer(815301076,1909f56bfc062723c751e8b465ee728b)  -> (artifact id: '01915d03f0dc43969b6e300ddcc017e1') in 0.013343 seconds
Number of updated asset objects reloaded before import = 0
Number of asset objects unloaded after import = 2
========================================================================
Received Import Request.
  Time since last request: 1.062738 seconds.
  path: Assets/Images/Excavation Procedure Module/PPE area/10always ensure tool box talk.png
  artifactKey: Guid(06f5b29111015844ebba2aa19a63f8c9) Importer(815301076,1909f56bfc062723c751e8b465ee728b)
Start importing Assets/Images/Excavation Procedure Module/PPE area/10always ensure tool box talk.png using Guid(06f5b29111015844ebba2aa19a63f8c9) Importer(815301076,1909f56bfc062723c751e8b465ee728b)  -> (artifact id: '0405f65f7a113d98bb680e7d81aee2a3') in 0.013988 seconds
Number of updated asset objects reloaded before import = 0
Number of asset objects unloaded after import = 2
========================================================================
Received Import Request.
  Time since last request: 3.276273 seconds.
  path: Assets/Images/Excavation Procedure Module/PPE area/10always ensure tool box talk.png
  artifactKey: Guid(06f5b29111015844ebba2aa19a63f8c9) Importer(815301076,1909f56bfc062723c751e8b465ee728b)
Start importing Assets/Images/Excavation Procedure Module/PPE area/10always ensure tool box talk.png using Guid(06f5b29111015844ebba2aa19a63f8c9) Importer(815301076,1909f56bfc062723c751e8b465ee728b)  -> (artifact id: '449a52574a85f7d1e2d5483d8717a153') in 0.042989 seconds
Number of updated asset objects reloaded before import = 0
Number of asset objects unloaded after import = 3
========================================================================
Received Import Request.
  Time since last request: 1.825261 seconds.
  path: Assets/Images/Excavation Procedure Module/Tool area/1crow bar.png
  artifactKey: Guid(b531bb9102ce5f24b8362d62e4595d65) Importer(815301076,1909f56bfc062723c751e8b465ee728b)
Start importing Assets/Images/Excavation Procedure Module/Tool area/1crow bar.png using Guid(b531bb9102ce5f24b8362d62e4595d65) Importer(815301076,1909f56bfc062723c751e8b465ee728b)  -> (artifact id: 'c86d1bbdcf5b064c4b9a679275b5ec94') in 0.013891 seconds
Number of updated asset objects reloaded before import = 0
Number of asset objects unloaded after import = 2
========================================================================
Received Import Request.
  Time since last request: 0.708890 seconds.
  path: Assets/Images/Excavation Procedure Module/Tool area/10incorrect trail pit.png
  artifactKey: Guid(55757749de3c68a4294acca5a9f71cc6) Importer(815301076,1909f56bfc062723c751e8b465ee728b)
Start importing Assets/Images/Excavation Procedure Module/Tool area/10incorrect trail pit.png using Guid(55757749de3c68a4294acca5a9f71cc6) Importer(815301076,1909f56bfc062723c751e8b465ee728b)  -> (artifact id: '7c972fb230050c24ed494be68fb94bef') in 0.014045 seconds
Number of updated asset objects reloaded before import = 0
Number of asset objects unloaded after import = 2
========================================================================
Received Import Request.
  Time since last request: 3.421094 seconds.
  path: Assets/Images/Excavation Procedure Module/Tool area/10incorrect trail pit.png
  artifactKey: Guid(55757749de3c68a4294acca5a9f71cc6) Importer(815301076,1909f56bfc062723c751e8b465ee728b)
Start importing Assets/Images/Excavation Procedure Module/Tool area/10incorrect trail pit.png using Guid(55757749de3c68a4294acca5a9f71cc6) Importer(815301076,1909f56bfc062723c751e8b465ee728b)  -> (artifact id: '2079aca018a34326c73c953192ac66c5') in 0.014500 seconds
Number of updated asset objects reloaded before import = 0
Number of asset objects unloaded after import = 3
========================================================================
Received Import Request.
  Time since last request: 122.354612 seconds.
  path: Assets/Images/Excavation Procedure Module/PPE area/1Choose lanuage.png
  artifactKey: Guid(6a39927eafd8532488af727b19aab173) Importer(815301076,1909f56bfc062723c751e8b465ee728b)
Start importing Assets/Images/Excavation Procedure Module/PPE area/1Choose lanuage.png using Guid(6a39927eafd8532488af727b19aab173) Importer(815301076,1909f56bfc062723c751e8b465ee728b)  -> (artifact id: 'f0b82f1d161e9b27c1e72ad9de3cce19') in 0.014316 seconds
Number of updated asset objects reloaded before import = 0
Number of asset objects unloaded after import = 3
========================================================================
Received Import Request.
  Time since last request: 0.000017 seconds.
  path: Assets/Samples/XR Interaction Toolkit/2.5.2/XR Device Simulator/UI/ControllerDevice/ControllerRight.png
  artifactKey: Guid(17c263f6077f14b218b13656aacd9551) Importer(815301076,1909f56bfc062723c751e8b465ee728b)
Start importing Assets/Samples/XR Interaction Toolkit/2.5.2/XR Device Simulator/UI/ControllerDevice/ControllerRight.png using Guid(17c263f6077f14b218b13656aacd9551) Importer(815301076,1909f56bfc062723c751e8b465ee728b)  -> (artifact id: '7892201b81f5dca8fb590525a05ee414') in 0.064078 seconds
Number of updated asset objects reloaded before import = 0
Number of asset objects unloaded after import = 3
========================================================================
Received Import Request.
  Time since last request: 0.000023 seconds.
  path: Assets/Samples/XR Interaction Toolkit/2.5.2/XR Device Simulator/UI/HeadDevice/HMDOverlay.png
  artifactKey: Guid(fb2db2f40ceaf458085c82fc17cfe800) Importer(815301076,1909f56bfc062723c751e8b465ee728b)
Start importing Assets/Samples/XR Interaction Toolkit/2.5.2/XR Device Simulator/UI/HeadDevice/HMDOverlay.png using Guid(fb2db2f40ceaf458085c82fc17cfe800) Importer(815301076,1909f56bfc062723c751e8b465ee728b)  -> (artifact id: 'b824f52332e16b3bcae494a2cc7af2d0') in 0.070996 seconds
Number of updated asset objects reloaded before import = 0
Number of asset objects unloaded after import = 3
========================================================================
Received Import Request.
  Time since last request: 0.000219 seconds.
  path: Assets/Samples/XR Interaction Toolkit/2.5.2/XR Device Simulator/UI/General/Unlocked.png
  artifactKey: Guid(f01f3bb228b3b4251a04e2036212d115) Importer(815301076,1909f56bfc062723c751e8b465ee728b)
Start importing Assets/Samples/XR Interaction Toolkit/2.5.2/XR Device Simulator/UI/General/Unlocked.png using Guid(f01f3bb228b3b4251a04e2036212d115) Importer(815301076,1909f56bfc062723c751e8b465ee728b)  -> (artifact id: '5fa6ad6235659e9af6415ef9825d8919') in 0.052062 seconds
Number of updated asset objects reloaded before import = 0
Number of asset objects unloaded after import = 3
========================================================================
Received Import Request.
  Time since last request: 0.000026 seconds.
  path: Assets/Samples/XR Interaction Toolkit/2.5.2/XR Device Simulator/UI/HeadDevice/MoveRotateTool.png
  artifactKey: Guid(139237a044d8e4255b40bb472c842087) Importer(815301076,1909f56bfc062723c751e8b465ee728b)
Start importing Assets/Samples/XR Interaction Toolkit/2.5.2/XR Device Simulator/UI/HeadDevice/MoveRotateTool.png using Guid(139237a044d8e4255b40bb472c842087) Importer(815301076,1909f56bfc062723c751e8b465ee728b)  -> (artifact id: 'b618e558e89301e6cf144a09889edc3f') in 0.043300 seconds
Number of updated asset objects reloaded before import = 0
Number of asset objects unloaded after import = 3
========================================================================
Received Import Request.
  Time since last request: 0.000017 seconds.
  path: Assets/Samples/XR Interaction Toolkit/2.5.2/Starter Assets/DemoSceneAssets/Sprites/Checkmark.png
  artifactKey: Guid(db3e7b7c8db355e499429545071a0321) Importer(815301076,1909f56bfc062723c751e8b465ee728b)
Start importing Assets/Samples/XR Interaction Toolkit/2.5.2/Starter Assets/DemoSceneAssets/Sprites/Checkmark.png using Guid(db3e7b7c8db355e499429545071a0321) Importer(815301076,1909f56bfc062723c751e8b465ee728b)  -> (artifact id: 'cdb7d1c8dfc41a37f0c9da62a7cc3101') in 0.023467 seconds
Number of updated asset objects reloaded before import = 0
Number of asset objects unloaded after import = 3
========================================================================
Received Import Request.
  Time since last request: 0.000016 seconds.
  path: Assets/Samples/XR Interaction Toolkit/2.5.2/XR Device Simulator/UI/General/CycleXRDevices.png
  artifactKey: Guid(731e7aed8e9f540ac8bf2a7b66abdaf6) Importer(815301076,1909f56bfc062723c751e8b465ee728b)
Start importing Assets/Samples/XR Interaction Toolkit/2.5.2/XR Device Simulator/UI/General/CycleXRDevices.png using Guid(731e7aed8e9f540ac8bf2a7b66abdaf6) Importer(815301076,1909f56bfc062723c751e8b465ee728b)  -> (artifact id: 'bd61be962f40c23757828c0378702410') in 0.046978 seconds
Number of updated asset objects reloaded before import = 0
Number of asset objects unloaded after import = 3
========================================================================
Received Import Request.
  Time since last request: 0.000020 seconds.
  path: Assets/Images/Excavation Procedure Module/PPE area/16fire apron.png
  artifactKey: Guid(e37eaa6a61d0964479ae86d0c1446a81) Importer(815301076,1909f56bfc062723c751e8b465ee728b)
Start importing Assets/Images/Excavation Procedure Module/PPE area/16fire apron.png using Guid(e37eaa6a61d0964479ae86d0c1446a81) Importer(815301076,1909f56bfc062723c751e8b465ee728b)  -> (artifact id: '903ea361d3f66f974fe5f4303b258053') in 0.041316 seconds
Number of updated asset objects reloaded before import = 0
Number of asset objects unloaded after import = 3
========================================================================
Received Import Request.
  Time since last request: 0.000020 seconds.
  path: Assets/Samples/XR Interaction Toolkit/2.5.2/XR Device Simulator/UI/Hands/Hand_Pinch.png
  artifactKey: Guid(a6721511441c05a43964dac58584c890) Importer(815301076,1909f56bfc062723c751e8b465ee728b)
Start importing Assets/Samples/XR Interaction Toolkit/2.5.2/XR Device Simulator/UI/Hands/Hand_Pinch.png using Guid(a6721511441c05a43964dac58584c890) Importer(815301076,1909f56bfc062723c751e8b465ee728b)  -> (artifact id: 'fa7cbfaa3c8b07f43b20a6c3d49c7bf0') in 0.077700 seconds
Number of updated asset objects reloaded before import = 0
Number of asset objects unloaded after import = 3
========================================================================
Received Import Request.
  Time since last request: 0.000029 seconds.
  path: Assets/Samples/XR Interaction Toolkit/2.5.2/XR Device Simulator/UI/Hands/Hand_Thumb.png
  artifactKey: Guid(3b2e62babc5249f42921c2cd027852cd) Importer(815301076,1909f56bfc062723c751e8b465ee728b)
Start importing Assets/Samples/XR Interaction Toolkit/2.5.2/XR Device Simulator/UI/Hands/Hand_Thumb.png using Guid(3b2e62babc5249f42921c2cd027852cd) Importer(815301076,1909f56bfc062723c751e8b465ee728b)  -> (artifact id: '4ab1c3b6fe19134d18d85130c9b0b775') in 0.056919 seconds
Number of updated asset objects reloaded before import = 0
Number of asset objects unloaded after import = 3
========================================================================
Received Import Request.
  Time since last request: 0.000020 seconds.
  path: Assets/Samples/XR Interaction Toolkit/2.5.2/XR Device Simulator/UI/HeadDevice/XR.png
  artifactKey: Guid(0265e2b6afccd49de9c1f0b3a1fb4285) Importer(815301076,1909f56bfc062723c751e8b465ee728b)
Start importing Assets/Samples/XR Interaction Toolkit/2.5.2/XR Device Simulator/UI/HeadDevice/XR.png using Guid(0265e2b6afccd49de9c1f0b3a1fb4285) Importer(815301076,1909f56bfc062723c751e8b465ee728b)  -> (artifact id: 'ed66cbffc0600db41081dba64cac63f9') in 0.035761 seconds
Number of updated asset objects reloaded before import = 0
Number of asset objects unloaded after import = 3
========================================================================
Received Import Request.
  Time since last request: 0.000019 seconds.
  path: Assets/Samples/XR Interaction Toolkit/2.5.2/XR Device Simulator/UI/General/Gripper.png
  artifactKey: Guid(17689808316e14280ad508a625c4c88f) Importer(815301076,1909f56bfc062723c751e8b465ee728b)
Start importing Assets/Samples/XR Interaction Toolkit/2.5.2/XR Device Simulator/UI/General/Gripper.png using Guid(17689808316e14280ad508a625c4c88f) Importer(815301076,1909f56bfc062723c751e8b465ee728b)  -> (artifact id: 'ebda4a161374803c31effbb4e4f4f32a') in 0.047131 seconds
Number of updated asset objects reloaded before import = 0
Number of asset objects unloaded after import = 3
========================================================================
Received Import Request.
  Time since last request: 0.000019 seconds.
  path: Assets/Images/Excavation Procedure Module/Tool area/1crow bar.png
  artifactKey: Guid(b531bb9102ce5f24b8362d62e4595d65) Importer(815301076,1909f56bfc062723c751e8b465ee728b)
Start importing Assets/Images/Excavation Procedure Module/Tool area/1crow bar.png using Guid(b531bb9102ce5f24b8362d62e4595d65) Importer(815301076,1909f56bfc062723c751e8b465ee728b)  -> (artifact id: 'b070bded83b256b2797aba64994c421e') in 0.015192 seconds
Number of updated asset objects reloaded before import = 0
Number of asset objects unloaded after import = 3
========================================================================
Received Import Request.
  Time since last request: 0.000022 seconds.
  path: Assets/Images/Excavation Procedure Module/PPE area/17gum boots.png
  artifactKey: Guid(b9ac4227218dc3449afd2cc1767952a2) Importer(815301076,1909f56bfc062723c751e8b465ee728b)
Start importing Assets/Images/Excavation Procedure Module/PPE area/17gum boots.png using Guid(b9ac4227218dc3449afd2cc1767952a2) Importer(815301076,1909f56bfc062723c751e8b465ee728b)  -> (artifact id: 'f32eb973753a1c379eb5f0207dbd9bac') in 0.013413 seconds
Number of updated asset objects reloaded before import = 0
Number of asset objects unloaded after import = 3
========================================================================
Received Import Request.
  Time since last request: 0.000027 seconds.
  path: Assets/Samples/XR Interaction Toolkit/2.5.2/XR Device Simulator/UI/Mouse/Cursor.png
  artifactKey: Guid(9e4e923f2e0534a56b6a0c2321388194) Importer(815301076,1909f56bfc062723c751e8b465ee728b)
Start importing Assets/Samples/XR Interaction Toolkit/2.5.2/XR Device Simulator/UI/Mouse/Cursor.png using Guid(9e4e923f2e0534a56b6a0c2321388194) Importer(815301076,1909f56bfc062723c751e8b465ee728b)  -> (artifact id: '9ae1f12c8f10d020dbaa9ff84b78b645') in 0.039789 seconds
Number of updated asset objects reloaded before import = 0
Number of asset objects unloaded after import = 3
========================================================================
Received Import Request.
  Time since last request: 0.000018 seconds.
  path: Assets/Samples/XR Interaction Toolkit/2.5.2/XR Device Simulator/UI/Hands/Hand_Grab.png
  artifactKey: Guid(bd6b9153aa3b96f49b238bbf6ae68b80) Importer(815301076,1909f56bfc062723c751e8b465ee728b)
Start importing Assets/Samples/XR Interaction Toolkit/2.5.2/XR Device Simulator/UI/Hands/Hand_Grab.png using Guid(bd6b9153aa3b96f49b238bbf6ae68b80) Importer(815301076,1909f56bfc062723c751e8b465ee728b)  -> (artifact id: '81d1f48b5c62c1db35ca7329011c5cbc') in 0.088063 seconds
Number of updated asset objects reloaded before import = 0
Number of asset objects unloaded after import = 3
========================================================================
Received Import Request.
  Time since last request: 0.000017 seconds.
  path: Assets/Samples/XR Interaction Toolkit/2.5.2/XR Device Simulator/UI/ControllerDevice/ControllerLeft.png
  artifactKey: Guid(10abf1be8eef148d4aa4b96b2af7a9f0) Importer(815301076,1909f56bfc062723c751e8b465ee728b)
Start importing Assets/Samples/XR Interaction Toolkit/2.5.2/XR Device Simulator/UI/ControllerDevice/ControllerLeft.png using Guid(10abf1be8eef148d4aa4b96b2af7a9f0) Importer(815301076,1909f56bfc062723c751e8b465ee728b)  -> (artifact id: '4294c60d087d934efb8700e722ce6b54') in 0.098196 seconds
Number of updated asset objects reloaded before import = 0
Number of asset objects unloaded after import = 3
========================================================================
Received Import Request.
  Time since last request: 0.000021 seconds.
  path: Assets/Samples/XR Interaction Toolkit/2.5.2/XR Device Simulator/UI/General/Look.png
  artifactKey: Guid(5410adf0b914f49438506b7dd0022773) Importer(815301076,1909f56bfc062723c751e8b465ee728b)
Start importing Assets/Samples/XR Interaction Toolkit/2.5.2/XR Device Simulator/UI/General/Look.png using Guid(5410adf0b914f49438506b7dd0022773) Importer(815301076,1909f56bfc062723c751e8b465ee728b)  -> (artifact id: '59aa7e5fd53e473a63f3d81f37922d61') in 0.035370 seconds
Number of updated asset objects reloaded before import = 0
Number of asset objects unloaded after import = 3
========================================================================
Received Import Request.
  Time since last request: 0.000041 seconds.
  path: Assets/Images/Excavation Procedure Module/PPE area/12ear plug.png
  artifactKey: Guid(2c574e5e3aeb3c94a8957d4f7f8d4acf) Importer(815301076,1909f56bfc062723c751e8b465ee728b)
Start importing Assets/Images/Excavation Procedure Module/PPE area/12ear plug.png using Guid(2c574e5e3aeb3c94a8957d4f7f8d4acf) Importer(815301076,1909f56bfc062723c751e8b465ee728b)  -> (artifact id: '7ac85cf1341509250fc4ec42dd81ee49') in 0.013141 seconds
Number of updated asset objects reloaded before import = 0
Number of asset objects unloaded after import = 3
========================================================================
Received Import Request.
  Time since last request: 0.000018 seconds.
  path: Assets/Samples/XR Interaction Toolkit/2.5.2/XR Device Simulator/UI/General/CloseWindow.png
  artifactKey: Guid(c76518a5819794083a346812c0906b77) Importer(815301076,1909f56bfc062723c751e8b465ee728b)
Start importing Assets/Samples/XR Interaction Toolkit/2.5.2/XR Device Simulator/UI/General/CloseWindow.png using Guid(c76518a5819794083a346812c0906b77) Importer(815301076,1909f56bfc062723c751e8b465ee728b)  -> (artifact id: '606ccf1e3f6e65139ba97ba373f51e0c') in 0.031831 seconds
Number of updated asset objects reloaded before import = 0
Number of asset objects unloaded after import = 3
========================================================================
Received Import Request.
  Time since last request: 0.000017 seconds.
  path: Assets/Images/Excavation Procedure Module/PPE area/15dust mask.png
  artifactKey: Guid(9b103b1a7ca0cdb4ea19591b47e943ab) Importer(815301076,1909f56bfc062723c751e8b465ee728b)
Start importing Assets/Images/Excavation Procedure Module/PPE area/15dust mask.png using Guid(9b103b1a7ca0cdb4ea19591b47e943ab) Importer(815301076,1909f56bfc062723c751e8b465ee728b)  -> (artifact id: 'f25963a1635d2fe33dbe5402d558cdc3') in 0.013421 seconds
Number of updated asset objects reloaded before import = 0
Number of asset objects unloaded after import = 3
========================================================================
Received Import Request.
  Time since last request: 0.000019 seconds.
  path: Assets/Samples/XR Interaction Toolkit/2.5.2/XR Device Simulator/UI/General/btn_bgbottom.png
  artifactKey: Guid(89cb99e3e22696848a1cbce7b320f520) Importer(815301076,1909f56bfc062723c751e8b465ee728b)
Start importing Assets/Samples/XR Interaction Toolkit/2.5.2/XR Device Simulator/UI/General/btn_bgbottom.png using Guid(89cb99e3e22696848a1cbce7b320f520) Importer(815301076,1909f56bfc062723c751e8b465ee728b)  -> (artifact id: 'c416b00907629f20c8a2ab7eb72cb921') in 0.016355 seconds
Number of updated asset objects reloaded before import = 0
Number of asset objects unloaded after import = 3
========================================================================
Received Import Request.
  Time since last request: 0.000017 seconds.
  path: Assets/Samples/XR Interaction Toolkit/2.5.2/XR Device Simulator/UI/Mouse/Mouse.png
  artifactKey: Guid(f997d60d79a4e45cab6b1814e377a1b3) Importer(815301076,1909f56bfc062723c751e8b465ee728b)
Start importing Assets/Samples/XR Interaction Toolkit/2.5.2/XR Device Simulator/UI/Mouse/Mouse.png using Guid(f997d60d79a4e45cab6b1814e377a1b3) Importer(815301076,1909f56bfc062723c751e8b465ee728b)  -> (artifact id: 'cafbff9665da7138f86bc4060d075506') in 0.031773 seconds
Number of updated asset objects reloaded before import = 0
Number of asset objects unloaded after import = 3
========================================================================
Received Import Request.
  Time since last request: 0.000024 seconds.
  path: Assets/Samples/XR Interaction Toolkit/2.5.2/XR Device Simulator/UI/Hands/Hand_Default.png
  artifactKey: Guid(7d3dbc333af046c4193982e1166659dd) Importer(815301076,1909f56bfc062723c751e8b465ee728b)
Start importing Assets/Samples/XR Interaction Toolkit/2.5.2/XR Device Simulator/UI/Hands/Hand_Default.png using Guid(7d3dbc333af046c4193982e1166659dd) Importer(815301076,1909f56bfc062723c751e8b465ee728b)  -> (artifact id: '9a238bf7096cf0877bc37a2004261782') in 0.034055 seconds
Number of updated asset objects reloaded before import = 0
Number of asset objects unloaded after import = 3
========================================================================
Received Import Request.
  Time since last request: 0.000028 seconds.
  path: Assets/Images/Excavation Procedure Module/PPE area/Group 1.png
  artifactKey: Guid(27bb05bdd097b9b42a0aec3503250525) Importer(815301076,1909f56bfc062723c751e8b465ee728b)
Start importing Assets/Images/Excavation Procedure Module/PPE area/Group 1.png using Guid(27bb05bdd097b9b42a0aec3503250525) Importer(815301076,1909f56bfc062723c751e8b465ee728b)  -> (artifact id: '84f365f2f34a2a0ae2feb97eded0f6b7') in 0.016660 seconds
Number of updated asset objects reloaded before import = 0
Number of asset objects unloaded after import = 3
========================================================================
Received Import Request.
  Time since last request: 0.000017 seconds.
  path: Assets/Images/Excavation Procedure Module/Tool area/4wooden chisel.png
  artifactKey: Guid(f415446b3502fca4b93603765640e403) Importer(815301076,1909f56bfc062723c751e8b465ee728b)
Start importing Assets/Images/Excavation Procedure Module/Tool area/4wooden chisel.png using Guid(f415446b3502fca4b93603765640e403) Importer(815301076,1909f56bfc062723c751e8b465ee728b)  -> (artifact id: '2ad2095a739ed709adf7f2d1e41c429c') in 0.030873 seconds
Number of updated asset objects reloaded before import = 0
Number of asset objects unloaded after import = 3
========================================================================
Received Import Request.
  Time since last request: 0.000017 seconds.
  path: Assets/Images/Excavation Procedure Module/PPE area/7toolbox talk.png
  artifactKey: Guid(5db852d56b5501f4d81c61238e03d47b) Importer(815301076,1909f56bfc062723c751e8b465ee728b)
Start importing Assets/Images/Excavation Procedure Module/PPE area/7toolbox talk.png using Guid(5db852d56b5501f4d81c61238e03d47b) Importer(815301076,1909f56bfc062723c751e8b465ee728b)  -> (artifact id: 'fbdb6158e9af9eb27f4899b291256fd4') in 0.026157 seconds
Number of updated asset objects reloaded before import = 0
Number of asset objects unloaded after import = 3
========================================================================
Received Import Request.
  Time since last request: 0.000020 seconds.
  path: Assets/Images/Excavation Procedure Module/Tool area/3plastic ghamela.png
  artifactKey: Guid(242fabafa3b8f834d9a8e3ca582f17de) Importer(815301076,1909f56bfc062723c751e8b465ee728b)
Start importing Assets/Images/Excavation Procedure Module/Tool area/3plastic ghamela.png using Guid(242fabafa3b8f834d9a8e3ca582f17de) Importer(815301076,1909f56bfc062723c751e8b465ee728b)  -> (artifact id: '701d299fb7ac1afcb6a9c24567188de0') in 0.025162 seconds
Number of updated asset objects reloaded before import = 0
Number of asset objects unloaded after import = 3
========================================================================
Received Import Request.
  Time since last request: 0.000044 seconds.
  path: Assets/Samples/XR Interaction Toolkit/2.5.2/XR Device Simulator/UI/General/KeyboardIcon.png
  artifactKey: Guid(76dc0abb2ebb44c9a9bd39266f0b3c91) Importer(815301076,1909f56bfc062723c751e8b465ee728b)
Start importing Assets/Samples/XR Interaction Toolkit/2.5.2/XR Device Simulator/UI/General/KeyboardIcon.png using Guid(76dc0abb2ebb44c9a9bd39266f0b3c91) Importer(815301076,1909f56bfc062723c751e8b465ee728b)  -> (artifact id: '11da1034ff8792c79c69ec8a3b25c2ea') in 0.045940 seconds
Number of updated asset objects reloaded before import = 0
Number of asset objects unloaded after import = 3
========================================================================
Received Import Request.
  Time since last request: 0.000022 seconds.
  path: Assets/Samples/XR Interaction Toolkit/2.5.2/Starter Assets/DemoSceneAssets/Sprites/Round Radius 4 Outline.png
  artifactKey: Guid(b7bad1260586fa746a0b67e930892936) Importer(815301076,1909f56bfc062723c751e8b465ee728b)
Start importing Assets/Samples/XR Interaction Toolkit/2.5.2/Starter Assets/DemoSceneAssets/Sprites/Round Radius 4 Outline.png using Guid(b7bad1260586fa746a0b67e930892936) Importer(815301076,1909f56bfc062723c751e8b465ee728b)  -> (artifact id: 'e72b1d8283a0e8c413c3a8d500d6726c') in 0.014837 seconds
Number of updated asset objects reloaded before import = 0
Number of asset objects unloaded after import = 3
========================================================================
Received Import Request.
  Time since last request: 0.000026 seconds.
  path: Assets/Images/Excavation Procedure Module/Tool area/7pick button.png
  artifactKey: Guid(de035b4d9a2e3414f9f508af7dbab4ef) Importer(815301076,1909f56bfc062723c751e8b465ee728b)
Start importing Assets/Images/Excavation Procedure Module/Tool area/7pick button.png using Guid(de035b4d9a2e3414f9f508af7dbab4ef) Importer(815301076,1909f56bfc062723c751e8b465ee728b)  -> (artifact id: '0188147dd9ffc8cb51193ee1d45b3be6') in 0.014660 seconds
Number of updated asset objects reloaded before import = 0
Number of asset objects unloaded after import = 3
========================================================================
Received Import Request.
  Time since last request: 0.000017 seconds.
  path: Assets/Images/Excavation Procedure Module/PPE area/19move to tool area.png
  artifactKey: Guid(694f9516e01a0224ebec32269f1d60da) Importer(815301076,1909f56bfc062723c751e8b465ee728b)
Start importing Assets/Images/Excavation Procedure Module/PPE area/19move to tool area.png using Guid(694f9516e01a0224ebec32269f1d60da) Importer(815301076,1909f56bfc062723c751e8b465ee728b)  -> (artifact id: 'c30bb77cb7de5c05eb4359f6b41e8b11') in 0.014218 seconds
Number of updated asset objects reloaded before import = 0
Number of asset objects unloaded after import = 3
========================================================================
Received Import Request.
  Time since last request: 0.000020 seconds.
  path: Assets/Samples/XR Interaction Toolkit/2.5.2/XR Device Simulator/UI/ControllerDevice/ControllerOverlayLinesRight.png
  artifactKey: Guid(310ef0f38fe364cc986d05acdbdf1183) Importer(815301076,1909f56bfc062723c751e8b465ee728b)
Start importing Assets/Samples/XR Interaction Toolkit/2.5.2/XR Device Simulator/UI/ControllerDevice/ControllerOverlayLinesRight.png using Guid(310ef0f38fe364cc986d05acdbdf1183) Importer(815301076,1909f56bfc062723c751e8b465ee728b)  -> (artifact id: 'be0fde644ecc8df2c5a2db4d3977b8ee') in 0.045320 seconds
Number of updated asset objects reloaded before import = 0
Number of asset objects unloaded after import = 3
========================================================================
Received Import Request.
  Time since last request: 0.000017 seconds.
  path: Assets/Samples/XR Interaction Toolkit/2.5.2/Starter Assets/DemoSceneAssets/Sprites/Asset.png
  artifactKey: Guid(17d565bb4a7744b41b7e4dc7e3a09e35) Importer(815301076,1909f56bfc062723c751e8b465ee728b)
Start importing Assets/Samples/XR Interaction Toolkit/2.5.2/Starter Assets/DemoSceneAssets/Sprites/Asset.png using Guid(17d565bb4a7744b41b7e4dc7e3a09e35) Importer(815301076,1909f56bfc062723c751e8b465ee728b)  -> (artifact id: '960358f839194640590da6da3c509017') in 0.018576 seconds
Number of updated asset objects reloaded before import = 0
Number of asset objects unloaded after import = 3
========================================================================
Received Import Request.
  Time since last request: 0.000016 seconds.
  path: Assets/Samples/XR Interaction Toolkit/2.5.2/XR Device Simulator/UI/ControllerDevice/ControllerOverlayLinesLeft.png
  artifactKey: Guid(cd4fe4c19a40743a6896069a50a394ec) Importer(815301076,1909f56bfc062723c751e8b465ee728b)
Start importing Assets/Samples/XR Interaction Toolkit/2.5.2/XR Device Simulator/UI/ControllerDevice/ControllerOverlayLinesLeft.png using Guid(cd4fe4c19a40743a6896069a50a394ec) Importer(815301076,1909f56bfc062723c751e8b465ee728b)  -> (artifact id: 'ec277a855c69e0b68d200e07102374c1') in 0.063794 seconds
Number of updated asset objects reloaded before import = 0
Number of asset objects unloaded after import = 3
========================================================================
Received Import Request.
  Time since last request: 0.000021 seconds.
  path: Assets/Images/Excavation Procedure Module/Tool area/5spade.png
  artifactKey: Guid(8b9287742ca6ae84f86655ff4a549cb0) Importer(815301076,1909f56bfc062723c751e8b465ee728b)
Start importing Assets/Images/Excavation Procedure Module/Tool area/5spade.png using Guid(8b9287742ca6ae84f86655ff4a549cb0) Importer(815301076,1909f56bfc062723c751e8b465ee728b)  -> (artifact id: '86c6bec81e6fc3df6c2554a0a2f45653') in 0.019075 seconds
Number of updated asset objects reloaded before import = 0
Number of asset objects unloaded after import = 3
========================================================================
Received Import Request.
  Time since last request: 0.000028 seconds.
  path: Assets/Images/Excavation Procedure Module/PPE area/14goggles.png
  artifactKey: Guid(2f85912c4b66d3546a07320bef44ef69) Importer(815301076,1909f56bfc062723c751e8b465ee728b)
Start importing Assets/Images/Excavation Procedure Module/PPE area/14goggles.png using Guid(2f85912c4b66d3546a07320bef44ef69) Importer(815301076,1909f56bfc062723c751e8b465ee728b)  -> (artifact id: 'f86e61111eadeaf9ce3f58576e14e8d6') in 0.012321 seconds
Number of updated asset objects reloaded before import = 0
Number of asset objects unloaded after import = 3
========================================================================
Received Import Request.
  Time since last request: 0.000016 seconds.
  path: Assets/Samples/XR Interaction Toolkit/2.5.2/XR Device Simulator/UI/General/OpenWindow.png
  artifactKey: Guid(633d1ace045fe402a9b307cb58251aa4) Importer(815301076,1909f56bfc062723c751e8b465ee728b)
Start importing Assets/Samples/XR Interaction Toolkit/2.5.2/XR Device Simulator/UI/General/OpenWindow.png using Guid(633d1ace045fe402a9b307cb58251aa4) Importer(815301076,1909f56bfc062723c751e8b465ee728b)  -> (artifact id: 'c1ad83517953eeed430250f29840b433') in 0.047807 seconds
Number of updated asset objects reloaded before import = 0
Number of asset objects unloaded after import = 3
========================================================================
Received Import Request.
  Time since last request: 0.000015 seconds.
  path: Assets/Samples/XR Interaction Toolkit/2.5.2/Starter Assets/DemoSceneAssets/Sprites/Round Radius 4.png
  artifactKey: Guid(affa059594145a843b81788037b4ee21) Importer(815301076,1909f56bfc062723c751e8b465ee728b)
Start importing Assets/Samples/XR Interaction Toolkit/2.5.2/Starter Assets/DemoSceneAssets/Sprites/Round Radius 4.png using Guid(affa059594145a843b81788037b4ee21) Importer(815301076,1909f56bfc062723c751e8b465ee728b)  -> (artifact id: 'bb6f54e057f64efee4f5d73c319c3e78') in 0.014294 seconds
Number of updated asset objects reloaded before import = 0
Number of asset objects unloaded after import = 3
========================================================================
Received Import Request.
  Time since last request: 0.000017 seconds.
  path: Assets/Images/Excavation Procedure Module/PPE area/13reflective jacket.png
  artifactKey: Guid(846f7d62eb1df29498f6badd8b7fe8a5) Importer(815301076,1909f56bfc062723c751e8b465ee728b)
Start importing Assets/Images/Excavation Procedure Module/PPE area/13reflective jacket.png using Guid(846f7d62eb1df29498f6badd8b7fe8a5) Importer(815301076,1909f56bfc062723c751e8b465ee728b)  -> (artifact id: '4e4fd978936daae71623f034679219e5') in 0.015469 seconds
Number of updated asset objects reloaded before import = 0
Number of asset objects unloaded after import = 3
========================================================================
Received Import Request.
  Time since last request: 0.000016 seconds.
  path: Assets/Samples/XR Interaction Toolkit/2.5.2/XR Device Simulator/UI/Mouse/MouseMoveAround.png
  artifactKey: Guid(013811fdd48c040339e9adc40e692381) Importer(815301076,1909f56bfc062723c751e8b465ee728b)
Start importing Assets/Samples/XR Interaction Toolkit/2.5.2/XR Device Simulator/UI/Mouse/MouseMoveAround.png using Guid(013811fdd48c040339e9adc40e692381) Importer(815301076,1909f56bfc062723c751e8b465ee728b)  -> (artifact id: '5a12b9afd83df533f305e0aad5acfbb2') in 0.066348 seconds
Number of updated asset objects reloaded before import = 0
Number of asset objects unloaded after import = 3
========================================================================
Received Import Request.
  Time since last request: 0.000022 seconds.
  path: Assets/Samples/XR Interaction Toolkit/2.5.2/XR Device Simulator/UI/HeadDevice/HMD_d.png
  artifactKey: Guid(177f60e6b21ff774093004ca330b2241) Importer(815301076,1909f56bfc062723c751e8b465ee728b)
Start importing Assets/Samples/XR Interaction Toolkit/2.5.2/XR Device Simulator/UI/HeadDevice/HMD_d.png using Guid(177f60e6b21ff774093004ca330b2241) Importer(815301076,1909f56bfc062723c751e8b465ee728b)  -> (artifact id: '1e969aff854d6fac816bc48536a38324') in 0.036239 seconds
Number of updated asset objects reloaded before import = 0
Number of asset objects unloaded after import = 3
========================================================================
Received Import Request.
  Time since last request: 0.000070 seconds.
  path: Assets/Samples/XR Interaction Toolkit/2.5.2/XR Device Simulator/UI/HeadDevice/Movement.png
  artifactKey: Guid(1d56a2d39cfbb49149abbf0076259327) Importer(815301076,1909f56bfc062723c751e8b465ee728b)
Start importing Assets/Samples/XR Interaction Toolkit/2.5.2/XR Device Simulator/UI/HeadDevice/Movement.png using Guid(1d56a2d39cfbb49149abbf0076259327) Importer(815301076,1909f56bfc062723c751e8b465ee728b)  -> (artifact id: '706f2b8859d6edb86b52ce017b697686') in 0.050687 seconds
Number of updated asset objects reloaded before import = 0
Number of asset objects unloaded after import = 3
========================================================================
Received Import Request.
  Time since last request: 0.000016 seconds.
  path: Assets/Samples/XR Interaction Toolkit/2.5.2/XR Device Simulator/UI/HeadDevice/xr_hmd.png
  artifactKey: Guid(08548d5ac6b7bc64da0b332636c5cc91) Importer(815301076,1909f56bfc062723c751e8b465ee728b)
Start importing Assets/Samples/XR Interaction Toolkit/2.5.2/XR Device Simulator/UI/HeadDevice/xr_hmd.png using Guid(08548d5ac6b7bc64da0b332636c5cc91) Importer(815301076,1909f56bfc062723c751e8b465ee728b)  -> (artifact id: '851cda454f7f8933ffc6f594272262e5') in 0.042937 seconds
Number of updated asset objects reloaded before import = 0
Number of asset objects unloaded after import = 3
========================================================================
Received Import Request.
  Time since last request: 0.000077 seconds.
  path: Assets/Images/Excavation Procedure Module/Tool area/2axe.png
  artifactKey: Guid(76ca7927aed8ef1499544dedd4103046) Importer(815301076,1909f56bfc062723c751e8b465ee728b)
Start importing Assets/Images/Excavation Procedure Module/Tool area/2axe.png using Guid(76ca7927aed8ef1499544dedd4103046) Importer(815301076,1909f56bfc062723c751e8b465ee728b)  -> (artifact id: 'fc5fdd93f319d9f7bae942f9a8c686c1') in 0.016533 seconds
Number of updated asset objects reloaded before import = 0
Number of asset objects unloaded after import = 3
========================================================================
Received Import Request.
  Time since last request: 0.000016 seconds.
  path: Assets/Images/Excavation Procedure Module/Tool area/8lets begin site survey.png
  artifactKey: Guid(e906b3be2a8057347b587a2b6cdde94b) Importer(815301076,1909f56bfc062723c751e8b465ee728b)
Start importing Assets/Images/Excavation Procedure Module/Tool area/8lets begin site survey.png using Guid(e906b3be2a8057347b587a2b6cdde94b) Importer(815301076,1909f56bfc062723c751e8b465ee728b)  -> (artifact id: '558ecbfd536a9abaf2febd7c24a6d0e6') in 0.028957 seconds
Number of updated asset objects reloaded before import = 0
Number of asset objects unloaded after import = 3
========================================================================
Received Import Request.
  Time since last request: 0.000089 seconds.
  path: Assets/Images/Excavation Procedure Module/Tool area/6elcb board.png
  artifactKey: Guid(865e5593d7052dd46a44329ae32f6688) Importer(815301076,1909f56bfc062723c751e8b465ee728b)
Start importing Assets/Images/Excavation Procedure Module/Tool area/6elcb board.png using Guid(865e5593d7052dd46a44329ae32f6688) Importer(815301076,1909f56bfc062723c751e8b465ee728b)  -> (artifact id: '7c72fd8bb22b8557cfc5538fb03d5075') in 0.014041 seconds
Number of updated asset objects reloaded before import = 0
Number of asset objects unloaded after import = 3
========================================================================
Received Import Request.
  Time since last request: 0.000017 seconds.
  path: Assets/Images/Excavation Procedure Module/Tool area/11correct trail pit.png
  artifactKey: Guid(5f68717a7d9dd8447b641df7eb496ae1) Importer(815301076,1909f56bfc062723c751e8b465ee728b)
Start importing Assets/Images/Excavation Procedure Module/Tool area/11correct trail pit.png using Guid(5f68717a7d9dd8447b641df7eb496ae1) Importer(815301076,1909f56bfc062723c751e8b465ee728b)  -> (artifact id: '075bd5ee2a0d8b042983b2241cc2ecb8') in 0.012905 seconds
Number of updated asset objects reloaded before import = 0
Number of asset objects unloaded after import = 3
========================================================================
Received Import Request.
  Time since last request: 0.000105 seconds.
  path: Assets/Images/Excavation Procedure Module/PPE area/5PTW.png
  artifactKey: Guid(9d6ce2aa5ffb7a8439fa13e392fc87a1) Importer(815301076,1909f56bfc062723c751e8b465ee728b)
Start importing Assets/Images/Excavation Procedure Module/PPE area/5PTW.png using Guid(9d6ce2aa5ffb7a8439fa13e392fc87a1) Importer(815301076,1909f56bfc062723c751e8b465ee728b)  -> (artifact id: 'e03a2342c5ed3220eca509560e278db7') in 0.013025 seconds
Number of updated asset objects reloaded before import = 0
Number of asset objects unloaded after import = 3
========================================================================
Received Import Request.
  Time since last request: 0.000017 seconds.
  path: Assets/Images/Excavation Procedure Module/PPE area/6JSA checklist.png
  artifactKey: Guid(12fbf5994d88ad14694aec37c5b58916) Importer(815301076,1909f56bfc062723c751e8b465ee728b)
Start importing Assets/Images/Excavation Procedure Module/PPE area/6JSA checklist.png using Guid(12fbf5994d88ad14694aec37c5b58916) Importer(815301076,1909f56bfc062723c751e8b465ee728b)  -> (artifact id: '75f1856104694b021eb0c4f3d3d4eced') in 0.012546 seconds
Number of updated asset objects reloaded before import = 0
Number of asset objects unloaded after import = 3
========================================================================
Received Import Request.
  Time since last request: 0.000016 seconds.
  path: Assets/Images/Excavation Procedure Module/PPE area/8l1 l2 l3 card.png
  artifactKey: Guid(df6c431a1f8b7e34e9031ea308b8e4d7) Importer(815301076,1909f56bfc062723c751e8b465ee728b)
Start importing Assets/Images/Excavation Procedure Module/PPE area/8l1 l2 l3 card.png using Guid(df6c431a1f8b7e34e9031ea308b8e4d7) Importer(815301076,1909f56bfc062723c751e8b465ee728b)  -> (artifact id: 'db84d4705a145fab2007a8596f7ca4b7') in 0.015015 seconds
Number of updated asset objects reloaded before import = 0
Number of asset objects unloaded after import = 3
========================================================================
Received Import Request.
  Time since last request: 0.000017 seconds.
  path: Assets/Samples/XR Interaction Toolkit/2.5.2/Starter Assets/DemoSceneAssets/Sprites/Circle_60x60_Horizontal.png
  artifactKey: Guid(e45f8f823c093d941855bb23b53b9414) Importer(815301076,1909f56bfc062723c751e8b465ee728b)
Start importing Assets/Samples/XR Interaction Toolkit/2.5.2/Starter Assets/DemoSceneAssets/Sprites/Circle_60x60_Horizontal.png using Guid(e45f8f823c093d941855bb23b53b9414) Importer(815301076,1909f56bfc062723c751e8b465ee728b)  -> (artifact id: 'c8e29f8d38713082d6029ee04fdd3d7c') in 0.015373 seconds
Number of updated asset objects reloaded before import = 0
Number of asset objects unloaded after import = 3
========================================================================
Received Import Request.
  Time since last request: 0.000017 seconds.
  path: Assets/Images/Excavation Procedure Module/PPE area/18helmet.png
  artifactKey: Guid(ff8b46c47f5c5454cafdfbc7cb5f3303) Importer(815301076,1909f56bfc062723c751e8b465ee728b)
Start importing Assets/Images/Excavation Procedure Module/PPE area/18helmet.png using Guid(ff8b46c47f5c5454cafdfbc7cb5f3303) Importer(815301076,1909f56bfc062723c751e8b465ee728b)  -> (artifact id: '158708f8407271feb478c38173938768') in 0.013179 seconds
Number of updated asset objects reloaded before import = 0
Number of asset objects unloaded after import = 3
========================================================================
Received Import Request.
  Time since last request: 0.000118 seconds.
  path: Assets/Images/Excavation Procedure Module/PPE area/11gloves.png
  artifactKey: Guid(3168af68f39c1244bb769cc9b5a5cd00) Importer(815301076,1909f56bfc062723c751e8b465ee728b)
Start importing Assets/Images/Excavation Procedure Module/PPE area/11gloves.png using Guid(3168af68f39c1244bb769cc9b5a5cd00) Importer(815301076,1909f56bfc062723c751e8b465ee728b)  -> (artifact id: 'b550fabbddd89ab22bfeac81b5242c61') in 0.046854 seconds
Number of updated asset objects reloaded before import = 0
Number of asset objects unloaded after import = 3
========================================================================
Received Import Request.
  Time since last request: 0.000016 seconds.
  path: Assets/Samples/XR Interaction Toolkit/2.5.2/XR Device Simulator/UI/HeadDevice/HMD.png
  artifactKey: Guid(4eb43321e418951499417cda6141b31a) Importer(815301076,1909f56bfc062723c751e8b465ee728b)
Start importing Assets/Samples/XR Interaction Toolkit/2.5.2/XR Device Simulator/UI/HeadDevice/HMD.png using Guid(4eb43321e418951499417cda6141b31a) Importer(815301076,1909f56bfc062723c751e8b465ee728b)  -> (artifact id: '3ac16842eb7abcc62b36687aa4a73db8') in 0.032033 seconds
Number of updated asset objects reloaded before import = 0
Number of asset objects unloaded after import = 3
========================================================================
Received Import Request.
  Time since last request: 0.000017 seconds.
  path: Assets/Samples/XR Interaction Toolkit/2.5.2/XR Device Simulator/UI/Hands/Hand_Open.png
  artifactKey: Guid(ceccab26080354140af21950c6d338d5) Importer(815301076,1909f56bfc062723c751e8b465ee728b)
Start importing Assets/Samples/XR Interaction Toolkit/2.5.2/XR Device Simulator/UI/Hands/Hand_Open.png using Guid(ceccab26080354140af21950c6d338d5) Importer(815301076,1909f56bfc062723c751e8b465ee728b)  -> (artifact id: 'e0b4d87813f260c27d92c39b623f59e4') in 0.068453 seconds
Number of updated asset objects reloaded before import = 0
Number of asset objects unloaded after import = 3
========================================================================
Received Import Request.
  Time since last request: 0.000020 seconds.
  path: Assets/Samples/XR Interaction Toolkit/2.5.2/XR Device Simulator/UI/Hands/hand.png
  artifactKey: Guid(290d158031622c645aa55f8bd981be12) Importer(815301076,1909f56bfc062723c751e8b465ee728b)
Start importing Assets/Samples/XR Interaction Toolkit/2.5.2/XR Device Simulator/UI/Hands/hand.png using Guid(290d158031622c645aa55f8bd981be12) Importer(815301076,1909f56bfc062723c751e8b465ee728b)  -> (artifact id: '6231c614c573a37b21b2f88525890435') in 0.030201 seconds
Number of updated asset objects reloaded before import = 0
Number of asset objects unloaded after import = 3
========================================================================
Received Import Request.
  Time since last request: 0.000121 seconds.
  path: Assets/Samples/XR Interaction Toolkit/2.5.2/XR Device Simulator/UI/General/Locked.png
  artifactKey: Guid(3aad042fcb57b4bed9d9a46b932df060) Importer(815301076,1909f56bfc062723c751e8b465ee728b)
Start importing Assets/Samples/XR Interaction Toolkit/2.5.2/XR Device Simulator/UI/General/Locked.png using Guid(3aad042fcb57b4bed9d9a46b932df060) Importer(815301076,1909f56bfc062723c751e8b465ee728b)  -> (artifact id: 'fc4966e29320ed84488475bb28810b84') in 0.131667 seconds
Number of updated asset objects reloaded before import = 0
Number of asset objects unloaded after import = 3
========================================================================
Received Import Request.
  Time since last request: 0.000016 seconds.
  path: Assets/Samples/XR Interaction Toolkit/2.5.2/XR Device Simulator/UI/Hands/Hand_Poke.png
  artifactKey: Guid(a2586e6b399337f409118c79273dc29d) Importer(815301076,1909f56bfc062723c751e8b465ee728b)
Start importing Assets/Samples/XR Interaction Toolkit/2.5.2/XR Device Simulator/UI/Hands/Hand_Poke.png using Guid(a2586e6b399337f409118c79273dc29d) Importer(815301076,1909f56bfc062723c751e8b465ee728b)  -> (artifact id: 'add0d0948afcf95946bcd5985bac7a0a') in 0.045896 seconds
Number of updated asset objects reloaded before import = 0
Number of asset objects unloaded after import = 3
========================================================================
Received Import Request.
  Time since last request: 0.000230 seconds.
  path: Assets/Samples/XR Interaction Toolkit/2.5.2/Starter Assets/DemoSceneAssets/Sprites/Forward.png
  artifactKey: Guid(f8ecc54972abacc46a93f671b0602139) Importer(815301076,1909f56bfc062723c751e8b465ee728b)
Start importing Assets/Samples/XR Interaction Toolkit/2.5.2/Starter Assets/DemoSceneAssets/Sprites/Forward.png using Guid(f8ecc54972abacc46a93f671b0602139) Importer(815301076,1909f56bfc062723c751e8b465ee728b)  -> (artifact id: 'e66b4c25c5078cf64d6942e0eac9ebe3') in 0.017295 seconds
Number of updated asset objects reloaded before import = 0
Number of asset objects unloaded after import = 3
========================================================================
Received Import Request.
  Time since last request: 0.000067 seconds.
  path: Assets/Images/Excavation Procedure Module/PPE area/pick doc.png
  artifactKey: Guid(03e407af76dd75f4db20d4c9ee53431a) Importer(815301076,1909f56bfc062723c751e8b465ee728b)
Start importing Assets/Images/Excavation Procedure Module/PPE area/pick doc.png using Guid(03e407af76dd75f4db20d4c9ee53431a) Importer(815301076,1909f56bfc062723c751e8b465ee728b)  -> (artifact id: '582a855dc46529dddf815d50157734c0') in 0.029239 seconds
Number of updated asset objects reloaded before import = 0
Number of asset objects unloaded after import = 3
========================================================================
Received Import Request.
  Time since last request: 0.000018 seconds.
  path: Assets/Samples/XR Interaction Toolkit/2.5.2/XR Device Simulator/UI/Mouse/MouseR_d.png
  artifactKey: Guid(308cc8b73722e43eab64c228a76560a6) Importer(815301076,1909f56bfc062723c751e8b465ee728b)
Start importing Assets/Samples/XR Interaction Toolkit/2.5.2/XR Device Simulator/UI/Mouse/MouseR_d.png using Guid(308cc8b73722e43eab64c228a76560a6) Importer(815301076,1909f56bfc062723c751e8b465ee728b)  -> (artifact id: 'a50e261e30a1319d9ee6c96d30d0e8ea') in 0.075679 seconds
Number of updated asset objects reloaded before import = 0
Number of asset objects unloaded after import = 3
========================================================================
Received Import Request.
  Time since last request: 0.000015 seconds.
  path: Assets/Images/Excavation Procedure Module/PPE area/9pick button.png
  artifactKey: Guid(04fb94882f392a44da781ff86df39afe) Importer(815301076,1909f56bfc062723c751e8b465ee728b)
Start importing Assets/Images/Excavation Procedure Module/PPE area/9pick button.png using Guid(04fb94882f392a44da781ff86df39afe) Importer(815301076,1909f56bfc062723c751e8b465ee728b)  -> (artifact id: '12bf08a0fad68a258acea7746d4516d8') in 0.023527 seconds
Number of updated asset objects reloaded before import = 0
Number of asset objects unloaded after import = 3
========================================================================
Received Import Request.
  Time since last request: 0.000044 seconds.
  path: Assets/Samples/XR Interaction Toolkit/2.5.2/XR Device Simulator/UI/General/DeviceSimUI_bg.png
  artifactKey: Guid(d7348fb3f11ba4f6f933462328963785) Importer(815301076,1909f56bfc062723c751e8b465ee728b)
Start importing Assets/Samples/XR Interaction Toolkit/2.5.2/XR Device Simulator/UI/General/DeviceSimUI_bg.png using Guid(d7348fb3f11ba4f6f933462328963785) Importer(815301076,1909f56bfc062723c751e8b465ee728b)  -> (artifact id: 'df050a2ddd6d12493b51c29f525318ac') in 0.040255 seconds
Number of updated asset objects reloaded before import = 0
Number of asset objects unloaded after import = 3
========================================================================
Received Import Request.
  Time since last request: 0.000016 seconds.
  path: Assets/Images/Excavation Procedure Module/PPE area/2english.png
  artifactKey: Guid(3ef4591f0a81f8444a473b229ca46388) Importer(815301076,1909f56bfc062723c751e8b465ee728b)
Start importing Assets/Images/Excavation Procedure Module/PPE area/2english.png using Guid(3ef4591f0a81f8444a473b229ca46388) Importer(815301076,1909f56bfc062723c751e8b465ee728b)  -> (artifact id: '99c9b7cd4e7ee71840eefb2859cc687e') in 0.011957 seconds
Number of updated asset objects reloaded before import = 0
Number of asset objects unloaded after import = 3
========================================================================
Received Import Request.
  Time since last request: 0.000017 seconds.
  path: Assets/Samples/XR Interaction Toolkit/2.5.2/XR Device Simulator/UI/ControllerDevice/xr_ctlr.png
  artifactKey: Guid(7d7a2f6c5e996e24388af5a8227afdcf) Importer(815301076,1909f56bfc062723c751e8b465ee728b)
Start importing Assets/Samples/XR Interaction Toolkit/2.5.2/XR Device Simulator/UI/ControllerDevice/xr_ctlr.png using Guid(7d7a2f6c5e996e24388af5a8227afdcf) Importer(815301076,1909f56bfc062723c751e8b465ee728b)  -> (artifact id: '0f0e265e778bd34647174d0c7c3c28c9') in 0.055478 seconds
Number of updated asset objects reloaded before import = 0
Number of asset objects unloaded after import = 3
========================================================================
Received Import Request.
  Time since last request: 0.000016 seconds.
  path: Assets/Images/Excavation Procedure Module/PPE area/3hindi.png
  artifactKey: Guid(6ee86f39a34a05c4181b49803b57f300) Importer(815301076,1909f56bfc062723c751e8b465ee728b)
Start importing Assets/Images/Excavation Procedure Module/PPE area/3hindi.png using Guid(6ee86f39a34a05c4181b49803b57f300) Importer(815301076,1909f56bfc062723c751e8b465ee728b)  -> (artifact id: 'd74fd0248fa2146ac6621139ae931b29') in 0.023534 seconds
Number of updated asset objects reloaded before import = 0
Number of asset objects unloaded after import = 3
========================================================================
Received Import Request.
  Time since last request: 0.000022 seconds.
  path: Assets/Images/Excavation Procedure Module/PPE area/4welcome panel.png
  artifactKey: Guid(c02714dcebdf3c74b91113726337b221) Importer(815301076,1909f56bfc062723c751e8b465ee728b)
Start importing Assets/Images/Excavation Procedure Module/PPE area/4welcome panel.png using Guid(c02714dcebdf3c74b91113726337b221) Importer(815301076,1909f56bfc062723c751e8b465ee728b)  -> (artifact id: 'f4016881e90b60d94d51b9e30b655029') in 0.012919 seconds
Number of updated asset objects reloaded before import = 0
Number of asset objects unloaded after import = 3
========================================================================
Received Import Request.
  Time since last request: 0.000021 seconds.
  path: Assets/Samples/XR Interaction Toolkit/2.5.2/XR Device Simulator/UI/Hands/Hand_Fist.png
  artifactKey: Guid(a6e9e9736379c164e81fdfd2c806a91c) Importer(815301076,1909f56bfc062723c751e8b465ee728b)
Start importing Assets/Samples/XR Interaction Toolkit/2.5.2/XR Device Simulator/UI/Hands/Hand_Fist.png using Guid(a6e9e9736379c164e81fdfd2c806a91c) Importer(815301076,1909f56bfc062723c751e8b465ee728b)  -> (artifact id: 'db990c23c7ff9757f71808344ba0108f') in 0.049185 seconds
Number of updated asset objects reloaded before import = 0
Number of asset objects unloaded after import = 3
========================================================================
Received Import Request.
  Time since last request: 0.000027 seconds.
  path: Assets/Images/Excavation Procedure Module/Tool area/9select trail pit.png
  artifactKey: Guid(b58571d34c824064ab4e64d6fb7023d6) Importer(815301076,1909f56bfc062723c751e8b465ee728b)
Start importing Assets/Images/Excavation Procedure Module/Tool area/9select trail pit.png using Guid(b58571d34c824064ab4e64d6fb7023d6) Importer(815301076,1909f56bfc062723c751e8b465ee728b)  -> (artifact id: '4f272ade426e20f726f1d01064a5e613') in 0.011549 seconds
Number of updated asset objects reloaded before import = 0
Number of asset objects unloaded after import = 3
========================================================================
Received Import Request.
  Time since last request: 0.000015 seconds.
  path: Assets/Samples/XR Interaction Toolkit/2.5.2/XR Device Simulator/UI/Mouse/MouseR.png
  artifactKey: Guid(14e910c1fb9c7514a8106ffd25f1d892) Importer(815301076,1909f56bfc062723c751e8b465ee728b)
Start importing Assets/Samples/XR Interaction Toolkit/2.5.2/XR Device Simulator/UI/Mouse/MouseR.png using Guid(14e910c1fb9c7514a8106ffd25f1d892) Importer(815301076,1909f56bfc062723c751e8b465ee728b)  -> (artifact id: '86547883e66c54c03410a51a6b227f80') in 0.059014 seconds
Number of updated asset objects reloaded before import = 0
Number of asset objects unloaded after import = 3
